
> tushar-kick-open-ai-react@0.1.0 start:server
> npm run build && npm run build:server && ts-node server.ts


> tushar-kick-open-ai-react@0.1.0 build
> rm -rf dist/build && react-scripts build && mkdir -p dist && mv build dist/build

Creating an optimized production build...
/*! 🌼 daisyUI 5.5.19 */
Compiled with warnings.

static/css/main.eba4517e.css from Css Minimizer plugin
postcss-calc:: Lexical error on line 1: Unrecognized text.

  Erroneous area:
1: infinity * 1px
^..^ webpack://./src/index.css:2:0

static/css/main.eba4517e.css from Css Minimizer plugin
postcss-calc:: Lexical error on line 1: Unrecognized text.

  Erroneous area:
1: infinity * 1px
^..^ webpack://./src/index.css:2:0

Search for the keywords to learn more about each warning.
To ignore, add // eslint-disable-next-line to the line before.

File sizes after gzip:

  125.03 kB  build/static/js/main.f3d30928.js
  44.57 kB   build/static/css/main.a79ac87c.css
  1.78 kB    build/static/js/453.e4d3c143.chunk.js

The project was built assuming it is hosted at /.
You can control this with the homepage field in your package.json.

The build folder is ready to be deployed.
You may serve it with a static server:

  serve -s build

Find out more about deployment here:

  https://cra.link/deployment


> tushar-kick-open-ai-react@0.1.0 build:server
> tsc

[DB] Connecting to MongoDB at: jobagent-us-east-1.ppousxu.mongodb.net/?appName=jobagent-us-east-1
[DB] MongoDB connected successfully!
[DB] Database: test
[DB] Collections: testconnections

============================================================
[SERVER] Started successfully!
[SERVER] URL: http://localhost:3000
[SERVER] Environment: development
[SERVER] Database: Connected
[SERVER] Health: http://localhost:3000/health
[SERVER] Database Status: http://localhost:3000/api/db-status
============================================================

